2024-09-17 19:17:52.480 [info] [main] Log level: Info
2024-09-17 19:17:52.480 [info] [main] Validating found git in: "git"
2024-09-17 19:17:52.480 [info] [main] Using git "2.46.0" from "git"
2024-09-17 19:17:52.481 [info] [Model][doInitialScan] Initial repository scan started
2024-09-17 19:17:52.481 [info] > git rev-parse --show-toplevel [5ms]
2024-09-17 19:17:52.481 [info] fatal: not a git repository (or any of the parent directories): .git
2024-09-17 19:17:52.481 [info] > git rev-parse --show-toplevel [8ms]
2024-09-17 19:17:52.481 [info] fatal: not a git repository (or any of the parent directories): .git
2024-09-17 19:17:52.481 [info] > git rev-parse --show-toplevel [3ms]
2024-09-17 19:17:52.481 [info] fatal: not a git repository (or any of the parent directories): .git
2024-09-17 19:17:52.481 [info] [Model][doInitialScan] Initial repository scan completed - repositories (0), closed repositories (0), parent repositories (0), unsafe repositories (0)
2024-09-17 19:18:12.358 [info] > git rev-parse --show-toplevel [4ms]
2024-09-17 19:18:12.359 [info] fatal: not a git repository (or any of the parent directories): .git
2024-09-17 19:18:12.807 [info] > git rev-parse --show-toplevel [23ms]
2024-09-17 19:18:12.807 [info] fatal: not a git repository (or any of the parent directories): .git
2024-09-17 19:18:17.096 [info] > git rev-parse --show-toplevel [4ms]
2024-09-17 19:18:17.096 [info] fatal: not a git repository (or any of the parent directories): .git
2024-09-17 19:18:38.326 [info] > git rev-parse --show-toplevel [3ms]
2024-09-17 19:18:38.326 [info] fatal: not a git repository (or any of the parent directories): .git
2024-09-17 19:19:44.049 [info] > git rev-parse --show-toplevel [2ms]
2024-09-17 19:19:44.049 [info] fatal: not a git repository (or any of the parent directories): .git
2024-09-17 19:19:58.739 [info] > git rev-parse --show-toplevel [3ms]
2024-09-17 19:19:58.739 [info] fatal: not a git repository (or any of the parent directories): .git
2024-09-17 19:20:03.441 [info] [main] Log level: Info
2024-09-17 19:20:03.441 [info] [main] Validating found git in: "git"
2024-09-17 19:20:03.441 [info] [main] Using git "2.46.0" from "git"
2024-09-17 19:20:03.441 [info] [Model][doInitialScan] Initial repository scan started
2024-09-17 19:20:03.441 [info] > git rev-parse --show-toplevel [97ms]
2024-09-17 19:20:03.441 [info] fatal: not a git repository (or any of the parent directories): .git
2024-09-17 19:20:03.441 [info] > git rev-parse --show-toplevel [86ms]
2024-09-17 19:20:03.441 [info] fatal: not a git repository (or any of the parent directories): .git
2024-09-17 19:20:03.441 [info] [Model][doInitialScan] Initial repository scan completed - repositories (0), closed repositories (0), parent repositories (0), unsafe repositories (0)
