2024-09-17 19:17:48.385 [info] Added views:workbench.panel.markers.view in workbench.panel.markers
2024-09-17 19:17:48.385 [info] Added views:workbench.panel.output in workbench.panel.output
2024-09-17 19:17:48.385 [info] Added views:terminal in terminal
2024-09-17 19:17:48.385 [info] Added views:outline in workbench.view.explorer
2024-09-17 19:17:48.385 [info] Added views:workbench.scm in workbench.view.scm
2024-09-17 19:17:48.385 [info] Added views:workbench.view.search in workbench.view.search
2024-09-17 19:17:48.385 [info] Added views:timeline in workbench.view.explorer
2024-09-17 19:17:48.385 [info] Added views:workbench.explorer.fileView in workbench.view.explorer
2024-09-17 19:17:49.283 [info] Added views:workbench.debug.welcome in workbench.view.debug
2024-09-17 19:17:51.306 [info] Added views:~remote.forwardedPorts in ~remote.forwardedPortsContainer
2024-09-17 19:17:51.466 [info] Added views:workbench.panel.repl.view in workbench.panel.repl
2024-09-17 19:17:56.105 [info] Added views:workbench.views.extensions.installed,workbench.views.extensions.popular,extensions.recommendedList in workbench.view.extensions
2024-09-17 19:17:56.115 [info] Removed views:workbench.views.extensions.popular from workbench.view.extensions
2024-09-17 19:17:56.338 [info] Added views:workbench.views.extensions.popular in workbench.view.extensions
2024-09-17 19:17:59.881 [info] Removed views:extensions.recommendedList,workbench.views.extensions.popular,workbench.views.extensions.installed from workbench.view.extensions
2024-09-17 19:17:59.881 [info] Added views:workbench.views.extensions.marketplace in workbench.view.extensions
2024-09-17 19:19:09.660 [info] Removed views:workbench.views.extensions.marketplace from workbench.view.extensions
2024-09-17 19:19:09.687 [info] Added views:workbench.views.extensions.installed,workbench.views.extensions.popular,extensions.recommendedList in workbench.view.extensions
2024-09-17 19:19:11.305 [info] Removed views:extensions.recommendedList,workbench.views.extensions.popular,workbench.views.extensions.installed from workbench.view.extensions
2024-09-17 19:19:11.329 [info] Added views:workbench.views.extensions.marketplace in workbench.view.extensions
2024-09-17 19:19:16.262 [info] Removed views:workbench.views.extensions.marketplace from workbench.view.extensions
2024-09-17 19:19:16.291 [info] Added views:workbench.views.extensions.installed,workbench.views.extensions.popular,extensions.recommendedList in workbench.view.extensions
2024-09-17 19:19:17.572 [info] Removed views:extensions.recommendedList,workbench.views.extensions.popular,workbench.views.extensions.installed from workbench.view.extensions
2024-09-17 19:19:17.583 [info] Added views:workbench.views.extensions.marketplace in workbench.view.extensions
2024-09-17 19:20:02.626 [info] Removed views:workbench.panel.repl.view from workbench.panel.repl
2024-09-17 19:20:02.672 [info] Added views:workbench.panel.repl.view in workbench.panel.repl
