2024-09-17 19:20:14.774 [info] Extension host with pid 7612 started
2024-09-17 19:20:14.774 [info] Skipping acquiring lock for /home/benki/.config/Code - OSS/User/workspaceStorage/65e781737e86adbab2d05ae522b13f5c.
2024-09-17 19:20:15.229 [info] ExtensionService#_doActivateExtension vscode.emmet, startup: false, activationEvent: 'onLanguage'
2024-09-17 19:20:15.406 [info] ExtensionService#_doActivateExtension vscode.git-base, startup: true, activationEvent: '*', root cause: vscode.git
2024-09-17 19:20:15.434 [info] ExtensionService#_doActivateExtension vscode.git, startup: true, activationEvent: '*'
2024-09-17 19:20:15.505 [info] ExtensionService#_doActivateExtension vscode.github, startup: true, activationEvent: '*'
2024-09-17 19:20:15.632 [info] Eager extensions activated
2024-09-17 19:20:15.739 [info] ExtensionService#_doActivateExtension vscode.debug-auto-launch, startup: false, activationEvent: 'onStartupFinished'
2024-09-17 19:20:15.742 [info] ExtensionService#_doActivateExtension vscode.merge-conflict, startup: false, activationEvent: 'onStartupFinished'
2024-09-17 19:20:15.756 [info] ExtensionService#_doActivateExtension Catppuccin.catppuccin-vsc, startup: false, activationEvent: 'onStartupFinished'
2024-09-17 19:20:15.891 [info] Extension host with pid 7661 started
2024-09-17 19:20:15.891 [info] Skipping acquiring lock for /home/benki/.config/Code - OSS/User/workspaceStorage/65e781737e86adbab2d05ae522b13f5c.
2024-09-17 19:20:15.896 [info] Eager extensions activated
2024-09-17 19:20:15.921 [info] ExtensionService#_doActivateExtension asvetliakov.vscode-neovim, startup: false, activationEvent: 'onStartupFinished'
2024-09-17 19:36:42.449 [info] Extension host terminating: renderer closed the MessagePort
2024-09-17 19:36:42.498 [warning] ExtHostTextEditorOptions 'setCursorStyle' failed:'
2024-09-17 19:36:42.507 [warning] Canceled
2024-09-17 19:36:42.508 [info] Extension host with pid 7661 exiting with code 0
2024-09-17 19:36:43.196 [info] Extension host terminating: renderer closed the MessagePort
2024-09-17 19:36:43.207 [info] Extension host with pid 7612 exiting with code 0
