2024-09-17 19:20:15.806 [info] [main] Log level: Info
2024-09-17 19:20:15.806 [info] [main] Validating found git in: "git"
2024-09-17 19:20:15.806 [info] [main] Using git "2.46.0" from "git"
2024-09-17 19:20:15.806 [info] [Model][doInitialScan] Initial repository scan started
2024-09-17 19:20:15.806 [info] > git rev-parse --show-toplevel [30ms]
2024-09-17 19:20:15.806 [info] fatal: not a git repository (or any of the parent directories): .git
2024-09-17 19:20:15.806 [info] > git rev-parse --show-toplevel [50ms]
2024-09-17 19:20:15.806 [info] fatal: not a git repository (or any of the parent directories): .git
2024-09-17 19:20:15.806 [info] > git rev-parse --show-toplevel [2ms]
2024-09-17 19:20:15.806 [info] fatal: not a git repository (or any of the parent directories): .git
2024-09-17 19:20:15.815 [info] > git rev-parse --show-toplevel [2ms]
2024-09-17 19:20:15.815 [info] fatal: not a git repository (or any of the parent directories): .git
2024-09-17 19:20:15.816 [info] [Model][doInitialScan] Initial repository scan completed - repositories (0), closed repositories (0), parent repositories (0), unsafe repositories (0)
2024-09-17 19:20:16.101 [info] > git rev-parse --show-toplevel [1ms]
2024-09-17 19:20:16.101 [info] fatal: not a git repository (or any of the parent directories): .git
2024-09-17 19:20:17.417 [info] > git rev-parse --show-toplevel [3ms]
2024-09-17 19:20:17.417 [info] fatal: not a git repository (or any of the parent directories): .git
2024-09-17 19:20:32.584 [info] > git rev-parse --show-toplevel [2ms]
2024-09-17 19:20:32.584 [info] fatal: not a git repository (or any of the parent directories): .git
2024-09-17 19:21:54.128 [info] > git rev-parse --show-toplevel [2ms]
2024-09-17 19:21:54.128 [info] fatal: not a git repository (or any of the parent directories): .git
2024-09-17 19:21:56.906 [info] > git rev-parse --show-toplevel [2ms]
2024-09-17 19:21:56.906 [info] fatal: not a git repository (or any of the parent directories): .git
